<?xml version="1.0" encoding="UTF-8"?>
<testsuite xmlns:xsi="http://www.w3.org/2001/XMLSchema-instance" xsi:noNamespaceSchemaLocation="https://maven.apache.org/surefire/maven-surefire-plugin/xsd/surefire-test-report-3.0.xsd" version="3.0" name="l3m.cyber.planner.PlannerApplicationTests" time="0.026" tests="2" errors="0" skipped="0" failures="0">
  <properties>
[...]
</properties>
  <testcase name="dummyTest" classname="l3m.cyber.planner.PlannerApplicationTests" time="0.006">
    <system-out><![CDATA[2024-05-13T15:32:43.147+02:00  INFO 13580 --- [planer] [           main] t.c.s.AnnotationConfigContextLoaderUtils : Could not detect default configuration classes for test class [l3m.cyber.planner.PlannerApplicationTests]: PlannerApplicationTests does not declare any static, non-private, non-final, nested classes annotated with @Configuration.
2024-05-13T15:32:43.149+02:00  INFO 13580 --- [planer] [           main] .b.t.c.SpringBootTestContextBootstrapper : Found @SpringBootConfiguration l3m.cyber.planner.PlannerApplication for test class l3m.cyber.planner.PlannerApplicationTests
*********************************
Hello world

*********************************
]]></system-out>
  </testcase>
  <testcase name="nonnullTestPlanning" classname="l3m.cyber.planner.PlannerApplicationTests" time="0.011"/>
</testsuite>